<?xml version="1.0" encoding="UTF-8"?>
<testng-results ignored="0" total="1" passed="1" failed="0" skipped="0">
  <reporter-output>
  </reporter-output>
  <suite started-at="2024-01-20T15:49:46Z" name="Default suite" finished-at="2024-01-20T15:50:04Z" duration-ms="18569">
    <groups>
    </groups>
    <test started-at="2024-01-20T15:49:46Z" name="Default test" finished-at="2024-01-20T15:50:04Z" duration-ms="18569">
      <class name="seleniumPrac.PruebaTest">
        <test-method signature="f()[pri:0, instance:seleniumPrac.PruebaTest@4ff8d125]" started-at="2024-01-20T08:49:46Z" name="f" finished-at="2024-01-20T08:50:04Z" duration-ms="18467" status="PASS">
          <reporter-output>
          </reporter-output>
        </test-method> <!-- f -->
      </class> <!-- seleniumPrac.PruebaTest -->
    </test> <!-- Default test -->
  </suite> <!-- Default suite -->
</testng-results>
